Identificador do ponto: 47
Sigla do pais: CL
Identificador do ponto conectado: 63
Velocidade de transmissao: 1 Gbps

Identificador do ponto: 23
Nome do ponto: Natal
Pais de localizacao: Brazil
Sigla do pais: BR
Identificador do ponto conectado: 31
Velocidade de transmissao: 10 Gbps

Identificador do ponto: 50
Nome do ponto: Osorno
Pais de localizacao: Chile
Sigla do pais: CL
Identificador do ponto conectado: 55
Velocidade de transmissao: 155 Mbps

Identificador do ponto: 48
Sigla do pais: CL
Identificador do ponto conectado: 66
Velocidade de transmissao: 1 Gbps

Identificador do ponto: 40

Identificador do ponto: 28
Nome do ponto: Macapa
Sigla do pais: BR

Identificador do ponto: 73
Nome do ponto: Frankfurt
Pais de localizacao: Germany
Sigla do pais: DE
Identificador do ponto conectado: 77
Velocidade de transmissao: 5 Gbps

Identificador do ponto: 100
Nome do ponto: Moscow
Pais de localizacao: Russia
Sigla do pais: RU

Identificador do ponto: 72
Nome do ponto: Poznan
Pais de localizacao: Poland
Sigla do pais: PL
Identificador do ponto conectado: 79
Velocidade de transmissao: 5 Gbps

Identificador do ponto: 65
Pais de localizacao: Chile

Identificador do ponto: 72
Pais de localizacao: Poland
Sigla do pais: PL
Identificador do ponto conectado: 73
Velocidade de transmissao: 10 Gbps

Identificador do ponto: 16
Nome do ponto: Florianopolis
Pais de localizacao: Brazil
Identificador do ponto conectado: 17
Velocidade de transmissao: 10 Gbps

Identificador do ponto: 31
Nome do ponto: Fortaleza
Pais de localizacao: Brazil
Sigla do pais: BR
Identificador do ponto conectado: 94
Velocidade de transmissao: 100 Gbps

Identificador do ponto: 47
Sigla do pais: CL
Identificador do ponto conectado: 51
Velocidade de transmissao: 1 Gbps

Identificador do ponto: 83
Nome do ponto: Istanbul
Pais de localizacao: Turkey
Sigla do pais: TR

Identificador do ponto: 76
Nome do ponto: Paris
Pais de localizacao: France
Sigla do pais: FR
Identificador do ponto conectado: 77
Velocidade de transmissao: 5 Gbps

Identificador do ponto: 73
Nome do ponto: Frankfurt
Pais de localizacao: Germany
Identificador do ponto conectado: 75
Velocidade de transmissao: 10 Gbps

Identificador do ponto: 55
Nome do ponto: Valdivia
Pais de localizacao: Chile
Identificador do ponto conectado: 56
Velocidade de transmissao: 155 Mbps

Identificador do ponto: 13
Nome do ponto: Cuiaba
Pais de localizacao: Brazil
Sigla do pais: BR
Identificador do ponto conectado: 18
Velocidade de transmissao: 3 Gbps

Identificador do ponto: 52
Nome do ponto: Copiapo
Pais de localizacao: Chile
Sigla do pais: CL
Identificador do ponto conectado: 61
Velocidade de transmissao: 1 Gbps

Identificador do ponto: 76
Nome do ponto: Paris
Pais de localizacao: France
Sigla do pais: FR
Identificador do ponto conectado: 103
Velocidade de transmissao: 5 Gbps

Identificador do ponto: 6
Nome do ponto: Belo Horizonte
Pais de localizacao: Brazil
Sigla do pais: BR
Identificador do ponto conectado: 8
Velocidade de transmissao: 10 Gbps

Identificador do ponto: 17
Nome do ponto: Sao Paulo
Pais de localizacao: Brazil
Sigla do pais: BR
Identificador do ponto conectado: 24
Velocidade de transmissao: 1 Gbps

Identificador do ponto: 72
Nome do ponto: Poznan
Pais de localizacao: Poland
Sigla do pais: PL
Identificador do ponto conectado: 88
Velocidade de transmissao: 1 Gbps

Identificador do ponto: 34
Nome do ponto: UACH
Pais de localizacao: Chile
Sigla do pais: CL
Identificador do ponto conectado: 55
Velocidade de transmissao: 2 Gbps

Identificador do ponto: 73
Nome do ponto: Frankfurt
Sigla do pais: DE
Identificador do ponto conectado: 98
Velocidade de transmissao: 10 Gbps

Identificador do ponto: 21
Nome do ponto: Campo Grande
Pais de localizacao: Brazil
Sigla do pais: BR

Identificador do ponto: 94
Nome do ponto: Madrid
Pais de localizacao: Spain
Sigla do pais: ES

Identificador do ponto: 27
Nome do ponto: Boa Vista
Pais de localizacao: Brazil
Sigla do pais: BR

Identificador do ponto: 74
Nome do ponto: Prague
Pais de localizacao: Czech Republic
Sigla do pais: CZ
Identificador do ponto conectado: 92
Velocidade de transmissao: 5 Gbps

Identificador do ponto: 76
Nome do ponto: Paris
Pais de localizacao: France
Sigla do pais: FR
Identificador do ponto conectado: 94
Velocidade de transmissao: 10 Gbps

Identificador do ponto: 68
Nome do ponto: REUNA
Pais de localizacao: Chile
Sigla do pais: CL

Identificador do ponto: 90
Nome do ponto: Podgorica
Pais de localizacao: Montenegro
Sigla do pais: ME
Identificador do ponto conectado: 96
Velocidade de transmissao: 155 Mbps

Identificador do ponto: 48
Identificador do ponto conectado: 58
Velocidade de transmissao: 1 Gbps

Identificador do ponto: 48
Sigla do pais: CL
Identificador do ponto conectado: 65
Velocidade de transmissao: 1 Gbps

Identificador do ponto: 87
Nome do ponto: Msida
Pais de localizacao: Malta
Sigla do pais: MT

Identificador do ponto: 48
Identificador do ponto conectado: 64
Velocidade de transmissao: 1 Gbps

Identificador do ponto: 60
Nome do ponto: UBB
Pais de localizacao: Chile

Identificador do ponto: 79
Nome do ponto: Kyiv
Sigla do pais: UA

Identificador do ponto: 53
Nome do ponto: Antofagasta
Pais de localizacao: Chile
Sigla do pais: CL
Identificador do ponto conectado: 54
Velocidade de transmissao: 155 Mbps

Identificador do ponto: 88
Sigla do pais: BY

Identificador do ponto: 10
Nome do ponto: Rio de Janeiro
Pais de localizacao: Brazil
Sigla do pais: BR
Identificador do ponto conectado: 17
Velocidade de transmissao: 10 Gbps

Identificador do ponto: 98
Nome do ponto: Vienna
Pais de localizacao: Austria
Sigla do pais: AT

Identificador do ponto: 75
Nome do ponto: Luxembourg
Pais de localizacao: Luxembourg
Sigla do pais: LU
Identificador do ponto conectado: 76
Velocidade de transmissao: 10 Gbps

Identificador do ponto: 31
Nome do ponto: Fortaleza
Pais de localizacao: Brazil
Sigla do pais: BR
Identificador do ponto conectado: 93
Velocidade de transmissao: 100 Gbps

Identificador do ponto: 92
Nome do ponto: Bratislava
Pais de localizacao: Slovakia
Sigla do pais: SK
Identificador do ponto conectado: 98
Velocidade de transmissao: 5 Gbps

Identificador do ponto: 15
Nome do ponto: Porto Alegre
Pais de localizacao: Brazil
Sigla do pais: BR
Identificador do ponto conectado: 16
Velocidade de transmissao: 10 Gbps

Identificador do ponto: 5
Pais de localizacao: Brazil
Sigla do pais: BR
Identificador do ponto conectado: 11
Velocidade de transmissao: 200 Mbps

Identificador do ponto: 4
Nome do ponto: Joao Passoa
Pais de localizacao: Brazil
Sigla do pais: BR
Identificador do ponto conectado: 23
Velocidade de transmissao: 10 Gbps

Identificador do ponto: 73
Nome do ponto: Frankfurt
Pais de localizacao: Germany
Sigla do pais: DE

Identificador do ponto: 107
Nome do ponto: Tallinn
Pais de localizacao: Estonia
Sigla do pais: EE
Identificador do ponto conectado: 108
Velocidade de transmissao: 10 Gbps

Identificador do ponto: 17
Sigla do pais: BR
Identificador do ponto conectado: 26
Velocidade de transmissao: 20 Gbps

Identificador do ponto: 91
Nome do ponto: Budapest
Pais de localizacao: Hungary
Sigla do pais: HU
Identificador do ponto conectado: 95
Velocidade de transmissao: 10 Gbps

Identificador do ponto: 102
Nome do ponto: Dublin
Pais de localizacao: Ireland
Sigla do pais: IE
Identificador do ponto conectado: 103
Velocidade de transmissao: 10 Gbps

Identificador do ponto: 81
Nome do ponto: Sofia
Pais de localizacao: Bulgaria
Sigla do pais: BG
Identificador do ponto conectado: 89
Velocidade de transmissao: 155 Mbps

Identificador do ponto: 57
Nome do ponto: Concepcion
Pais de localizacao: Chile
Sigla do pais: CL
Identificador do ponto conectado: 58
Velocidade de transmissao: 301 Mbps

Identificador do ponto: 5
Nome do ponto: Brasilia
Pais de localizacao: Brazil
Sigla do pais: BR
Identificador do ponto conectado: 27
Velocidade de transmissao: 20 Mbps

Identificador do ponto: 30
Nome do ponto: Sao Luis
Pais de localizacao: Brazil
Sigla do pais: BR
Identificador do ponto conectado: 31
Velocidade de transmissao: 3 Gbps

Identificador do ponto: 67
Sigla do pais: CL

Identificador do ponto: 32
Nome do ponto: UCT
Pais de localizacao: Chile
Sigla do pais: CL
Identificador do ponto conectado: 45
Velocidade de transmissao: 1 Gbps

Identificador do ponto: 6
Nome do ponto: Belo Horizonte
Pais de localizacao: Brazil
Identificador do ponto conectado: 17
Velocidade de transmissao: 10 Gbps

Identificador do ponto: 46
Pais de localizacao: Chile
Sigla do pais: CL
Identificador do ponto conectado: 57
Velocidade de transmissao: 1 Gbps

Identificador do ponto: 18
Nome do ponto: Porto Velho
Pais de localizacao: Brazil
Sigla do pais: BR
Identificador do ponto conectado: 19
Velocidade de transmissao: 3 Gbps

Identificador do ponto: 78
Nome do ponto: Milan
Pais de localizacao: Italy
Sigla do pais: IT
Identificador do ponto conectado: 84
Velocidade de transmissao: 10 Gbps

Identificador do ponto: 5
Nome do ponto: Brasilia
Pais de localizacao: Brazil
Identificador do ponto conectado: 10
Velocidade de transmissao: 10 Gbps

Identificador do ponto: 78
Pais de localizacao: Italy
Identificador do ponto conectado: 87
Velocidade de transmissao: 1 Gbps

Identificador do ponto: 105
Nome do ponto: Stockholm
Pais de localizacao: Sweden
Sigla do pais: SE
Identificador do ponto conectado: 106
Velocidade de transmissao: 5 Gbps

Identificador do ponto: 81
Nome do ponto: Sofia
Pais de localizacao: Bulgaria
Sigla do pais: BG
Identificador do ponto conectado: 83
Velocidade de transmissao: 10 Gbps

Identificador do ponto: 5
Nome do ponto: Brasilia
Pais de localizacao: Brazil
Sigla do pais: BR
Identificador do ponto conectado: 6
Velocidade de transmissao: 10 Gbps

Identificador do ponto: 59
Nome do ponto: UDEC
Pais de localizacao: Chile
Sigla do pais: CL

Identificador do ponto: 29
Nome do ponto: Belem
Pais de localizacao: Brazil
Sigla do pais: BR
Identificador do ponto conectado: 30
Velocidade de transmissao: 3 Gbps

Identificador do ponto: 45
Pais de localizacao: Chile
Sigla do pais: CL
Identificador do ponto conectado: 56
Velocidade de transmissao: 1 Gbps

Identificador do ponto: 91
Pais de localizacao: Hungary
Identificador do ponto conectado: 96
Velocidade de transmissao: 5 Gbps

Identificador do ponto: 3
Nome do ponto: Campina Grande
Pais de localizacao: Brazil
Sigla do pais: BR
Identificador do ponto conectado: 4
Velocidade de transmissao: 10 Gbps

Identificador do ponto: 81
Nome do ponto: Sofia
Pais de localizacao: Bulgaria
Sigla do pais: BG
Identificador do ponto conectado: 91
Velocidade de transmissao: 10 Gbps

Identificador do ponto: 70
Nome do ponto: Brussels
Pais de localizacao: Belgium
Sigla do pais: BE
Identificador do ponto conectado: 102
Velocidade de transmissao: 5 Gbps

Identificador do ponto: 72
Nome do ponto: Poznan
Pais de localizacao: Poland
Sigla do pais: PL
Identificador do ponto conectado: 74
Velocidade de transmissao: 10 Gbps

Identificador do ponto: 36
Nome do ponto: UCN
Pais de localizacao: Chile
Sigla do pais: CL
Identificador do ponto conectado: 53
Velocidade de transmissao: 4 Gbps

Identificador do ponto: 33
Nome do ponto: ULAGOS
Pais de localizacao: Chile
Sigla do pais: CL
Identificador do ponto conectado: 50
Velocidade de transmissao: 1 Gbps

Identificador do ponto: 14
Nome do ponto: Curitiba
Pais de localizacao: Brazil
Sigla do pais: BR
Identificador do ponto conectado: 15
Velocidade de transmissao: 10 Gbps

Identificador do ponto: 62
Nome do ponto: ULS
Pais de localizacao: Chile
Sigla do pais: CL

Identificador do ponto: 25
Nome do ponto: Inetnet Comercial
Pais de localizacao: Brazil
Sigla do pais: BR

Identificador do ponto: 78
Nome do ponto: Milan
Pais de localizacao: Italy
Sigla do pais: IT
Identificador do ponto conectado: 94
Velocidade de transmissao: 10 Gbps

Identificador do ponto: 2
Nome do ponto: Maceio
Pais de localizacao: Brazil
Sigla do pais: BR
Identificador do ponto conectado: 7
Velocidade de transmissao: 10 Gbps

Identificador do ponto: 46
Sigla do pais: CL
Identificador do ponto conectado: 60
Velocidade de transmissao: 1 Gbps

Identificador do ponto: 69
Nome do ponto: Amsterdam
Pais de localizacao: Netherlands
Sigla do pais: NL
Identificador do ponto conectado: 71
Velocidade de transmissao: 5 Gbps

Identificador do ponto: 69
Nome do ponto: Amsterdam
Pais de localizacao: Netherlands
Sigla do pais: NL
Identificador do ponto conectado: 70
Velocidade de transmissao: 5 Gbps

Identificador do ponto: 81
Nome do ponto: Sofia
Pais de localizacao: Bulgaria
Sigla do pais: BG
Identificador do ponto conectado: 82
Velocidade de transmissao: 10 Gbps

Identificador do ponto: 5
Nome do ponto: Brasilia
Pais de localizacao: Brazil
Sigla do pais: BR
Identificador do ponto conectado: 28
Velocidade de transmissao: 20 Mbps

Identificador do ponto: 9
Nome do ponto: Vitoria
Pais de localizacao: Brazil
Identificador do ponto conectado: 10
Velocidade de transmissao: 10 Gbps

Identificador do ponto: 99
Nome do ponto: Kaunas
Pais de localizacao: Lithuania
Sigla do pais: LT
Identificador do ponto conectado: 108
Velocidade de transmissao: 10 Gbps

Identificador do ponto: 61
Nome do ponto: UDA
Sigla do pais: CL

Identificador do ponto: 7
Nome do ponto: Aracaju
Pais de localizacao: Brazil
Sigla do pais: BR
Identificador do ponto conectado: 8
Velocidade de transmissao: 10 Gbps

Identificador do ponto: 39
Nome do ponto: UTA
Pais de localizacao: Chile
Sigla do pais: CL
Identificador do ponto conectado: 41
Velocidade de transmissao: 7 Gbps

Identificador do ponto: 81
Nome do ponto: Sofia
Pais de localizacao: Bulgaria
Sigla do pais: BG
Identificador do ponto conectado: 84
Velocidade de transmissao: 10 Gbps

Identificador do ponto: 51
Nome do ponto: La Serena
Pais de localizacao: Chile
Sigla do pais: CL
Identificador do ponto conectado: 58
Velocidade de transmissao: 301 Mbps

Identificador do ponto: 19
Nome do ponto: Rio Branco
Pais de localizacao: Brazil

Identificador do ponto: 77
Nome do ponto: Geneva
Pais de localizacao: Switzerland
Sigla do pais: CH
Identificador do ponto conectado: 94
Velocidade de transmissao: 5 Gbps

Identificador do ponto: 41
Nome do ponto: Arica
Pais de localizacao: Chile
Sigla do pais: CL
Identificador do ponto conectado: 54
Velocidade de transmissao: 155 Mbps

Identificador do ponto: 6
Pais de localizacao: Brazil
Sigla do pais: BR
Identificador do ponto conectado: 31
Velocidade de transmissao: 10 Gbps

Identificador do ponto: 104
Nome do ponto: Oslo
Pais de localizacao: Norway
Sigla do pais: NO
Identificador do ponto conectado: 105
Velocidade de transmissao: 5 Gbps

Identificador do ponto: 13
Nome do ponto: Cuiaba
Pais de localizacao: Brazil
Sigla do pais: BR
Identificador do ponto conectado: 21
Velocidade de transmissao: 3 Gbps

Identificador do ponto: 37
Nome do ponto: UNAP Sede Santiago
Pais de localizacao: Chile
Sigla do pais: CL
Identificador do ponto conectado: 68
Velocidade de transmissao: 5 Gbps

Identificador do ponto: 44
Nome do ponto: RC-Nacional
Pais de localizacao: Chile
Identificador do ponto conectado: 58
Velocidade de transmissao: 1 Gbps

Identificador do ponto: 12
Nome do ponto: Goiania
Pais de localizacao: Brazil
Sigla do pais: BR
Identificador do ponto conectado: 13
Velocidade de transmissao: 3 Gbps

Identificador do ponto: 73
Nome do ponto: Frankfurt
Pais de localizacao: Germany
Sigla do pais: DE
Identificador do ponto conectado: 74
Velocidade de transmissao: 5 Gbps

Identificador do ponto: 64
Nome do ponto: UCHILE
Sigla do pais: CL

Identificador do ponto: 93
Nome do ponto: Lisbon
Pais de localizacao: Portugal
Sigla do pais: PT
Identificador do ponto conectado: 103
Velocidade de transmissao: 10 Gbps

Identificador do ponto: 42
Nome do ponto: PITs Nacionales
Pais de localizacao: Chile
Sigla do pais: CL
Identificador do ponto conectado: 44
Velocidade de transmissao: 4 Gbps

Identificador do ponto: 101
Nome do ponto: Reykjavik
Pais de localizacao: Iceland
Sigla do pais: IS
Identificador do ponto conectado: 103
Velocidade de transmissao: 3 Gbps

Identificador do ponto: 49
Nome do ponto: RedCLARA
Pais de localizacao: Chile
Sigla do pais: CL
Identificador do ponto conectado: 58
Velocidade de transmissao: 1 Gbps

Identificador do ponto: 14
Pais de localizacao: Brazil
Sigla do pais: BR
Identificador do ponto conectado: 21
Velocidade de transmissao: 3 Gbps

Identificador do ponto: 106
Nome do ponto: Helsinki
Pais de localizacao: Finland
Sigla do pais: FI

Identificador do ponto: 103
Nome do ponto: London
Pais de localizacao: United Kingdom
Sigla do pais: UK

Identificador do ponto: 69
Nome do ponto: Amsterdam
Pais de localizacao: Netherlands
Sigla do pais: NL
Identificador do ponto conectado: 73
Velocidade de transmissao: 5 Gbps

Identificador do ponto: 91
Nome do ponto: Budapest
Pais de localizacao: Hungary
Identificador do ponto conectado: 92
Velocidade de transmissao: 5 Gbps

Identificador do ponto: 89
Nome do ponto: Skopje
Pais de localizacao: Macedonia
Sigla do pais: MK

Identificador do ponto: 52
Nome do ponto: Copiapo
Pais de localizacao: Chile
Sigla do pais: CL
Identificador do ponto conectado: 53
Velocidade de transmissao: 205 Mbps

Identificador do ponto: 22
Nome do ponto: Teresina
Pais de localizacao: Brazil
Identificador do ponto conectado: 29
Velocidade de transmissao: 3 Gbps

Identificador do ponto: 48
Sigla do pais: CL
Identificador do ponto conectado: 67
Velocidade de transmissao: 1 Gbps

Identificador do ponto: 17
Nome do ponto: Sao Paulo
Pais de localizacao: Brazil
Sigla do pais: BR
Identificador do ponto conectado: 25
Velocidade de transmissao: 4 Gbps

Identificador do ponto: 14
Nome do ponto: Curitiba
Pais de localizacao: Brazil
Sigla do pais: BR
Identificador do ponto conectado: 17
Velocidade de transmissao: 10 Gbps

Identificador do ponto: 73
Nome do ponto: Frankfurt
Pais de localizacao: Germany
Sigla do pais: DE
Identificador do ponto conectado: 86
Velocidade de transmissao: 3 Gbps

Identificador do ponto: 108
Nome do ponto: Riga
Pais de localizacao: Latvia
Sigla do pais: LV

Identificador do ponto: 93
Nome do ponto: Lisbon
Pais de localizacao: Portugal
Sigla do pais: PT
Identificador do ponto conectado: 94
Velocidade de transmissao: 10 Gbps

Identificador do ponto: 1
Nome do ponto: Recife
Pais de localizacao: Brazil
Sigla do pais: BR
Identificador do ponto conectado: 22
Velocidade de transmissao: 3 Gbps

Identificador do ponto: 8
Nome do ponto: Salvador
Sigla do pais: BR
Identificador do ponto conectado: 9
Velocidade de transmissao: 10 Gbps

Identificador do ponto: 85
Nome do ponto: Nicosia
Pais de localizacao: Cyprus
Sigla do pais: CY
Identificador do ponto conectado: 103
Velocidade de transmissao: 1 Gbps

Identificador do ponto: 56
Nome do ponto: Temuco
Pais de localizacao: Chile
Sigla do pais: CL
Identificador do ponto conectado: 57
Velocidade de transmissao: 205 Mbps

Identificador do ponto: 72
Nome do ponto: Poznan
Pais de localizacao: Poland
Sigla do pais: PL
Identificador do ponto conectado: 99
Velocidade de transmissao: 10 Gbps

Identificador do ponto: 63
Nome do ponto: AURA
Pais de localizacao: Chile
Sigla do pais: CL

Identificador do ponto: 95
Pais de localizacao: Serbia
Sigla do pais: RS

Identificador do ponto: 54
Nome do ponto: Iquique
Pais de localizacao: Chile
Sigla do pais: CL

Identificador do ponto: 69
Nome do ponto: Amsterdam
Pais de localizacao: Netherlands
Sigla do pais: NL
Identificador do ponto conectado: 99
Velocidade de transmissao: 3 Gbps

Identificador do ponto: 11
Nome do ponto: Manaus
Pais de localizacao: Brazil
Sigla do pais: BR

Identificador do ponto: 47
Pais de localizacao: Chile
Sigla do pais: CL
Identificador do ponto conectado: 62
Velocidade de transmissao: 1 Gbps

Identificador do ponto: 69
Nome do ponto: Amsterdam
Sigla do pais: NL
Identificador do ponto conectado: 103
Velocidade de transmissao: 3 Gbps

Identificador do ponto: 66
Nome do ponto: UMCE
Pais de localizacao: Chile
Sigla do pais: CL

Identificador do ponto: 43
Nome do ponto: RC-12
Sigla do pais: CL
Identificador do ponto conectado: 58
Velocidade de transmissao: 1 Gbps

Identificador do ponto: 43
Nome do ponto: RC-12
Pais de localizacao: Chile
Identificador do ponto conectado: 49
Velocidade de transmissao: 1 Gbps

Identificador do ponto: 48
Sigla do pais: CL
Identificador do ponto conectado: 68
Velocidade de transmissao: 1 Gbps

Identificador do ponto: 20
Nome do ponto: Palmas
Pais de localizacao: Brazil
Sigla do pais: BR

Identificador do ponto: 77
Nome do ponto: Geneva
Pais de localizacao: Switzerland
Sigla do pais: CH
Identificador do ponto conectado: 78
Velocidade de transmissao: 5 Gbps

Identificador do ponto: 82
Nome do ponto: Bucharest
Pais de localizacao: Romania
Sigla do pais: RO
Identificador do ponto conectado: 91
Velocidade de transmissao: 10 Gbps

Identificador do ponto: 12
Nome do ponto: Goiania
Pais de localizacao: Brazil
Sigla do pais: BR
Identificador do ponto conectado: 20
Velocidade de transmissao: 3 Gbps

Identificador do ponto: 78
Nome do ponto: Milan
Pais de localizacao: Italy
Sigla do pais: IT
Identificador do ponto conectado: 98
Velocidade de transmissao: 5 Gbps

Identificador do ponto: 1
Nome do ponto: Recife
Pais de localizacao: Brazil
Sigla do pais: BR
Identificador do ponto conectado: 3
Velocidade de transmissao: 10 Gbps

Identificador do ponto: 35
Nome do ponto: UFRO
Pais de localizacao: Chile
Sigla do pais: CL
Identificador do ponto conectado: 45
Velocidade de transmissao: 3 Gbps

Identificador do ponto: 96
Nome do ponto: Zagreb
Pais de localizacao: Croatia
Sigla do pais: HR
Identificador do ponto conectado: 97
Velocidade de transmissao: 5 Gbps

Identificador do ponto: 86
Nome do ponto: Tel Aviv
Pais de localizacao: Israel
Sigla do pais: IL
Identificador do ponto conectado: 99
Velocidade de transmissao: 3 Gbps

Identificador do ponto: 97
Nome do ponto: Ljubljana
Pais de localizacao: Slovenia
Sigla do pais: SL
Identificador do ponto conectado: 98
Velocidade de transmissao: 5 Gbps

Identificador do ponto: 58
Nome do ponto: Santiago
Pais de localizacao: Chile
Sigla do pais: CL

Identificador do ponto: 51
Nome do ponto: La Serena
Pais de localizacao: Chile
Sigla do pais: CL
Identificador do ponto conectado: 52
Velocidade de transmissao: 205 Mbps

Identificador do ponto: 46
Sigla do pais: CL
Identificador do ponto conectado: 59
Velocidade de transmissao: 1 Gbps

Identificador do ponto: 24
Nome do ponto: RedCLARA
Pais de localizacao: Brazil
Sigla do pais: BR
Identificador do ponto conectado: 49
Velocidade de transmissao: 100 Gbps

Identificador do ponto: 84
Nome do ponto: Athens
Pais de localizacao: Greece
Sigla do pais: GR
Identificador do ponto conectado: 98
Velocidade de transmissao: 10 Gbps

Identificador do ponto: 80
Sigla do pais: MD
Identificador do ponto conectado: 82
Velocidade de transmissao: 1 Gbps

Identificador do ponto: 26
Nome do ponto: Americas Light
Pais de localizacao: Brazil
Sigla do pais: BR

Identificador do ponto: 38
Nome do ponto: UNAP
Pais de localizacao: Chile
Sigla do pais: CL
Identificador do ponto conectado: 54
Velocidade de transmissao: 6 Gbps

Identificador do ponto: 73
Pais de localizacao: Germany
Identificador do ponto conectado: 85
Velocidade de transmissao: 1 Gbps

Numero de paginas de disco: 12

