Busca 1
Identificador do ponto 78
Nome do ponto: Milan
Pais de localizacao Italy
Sigla do pais: IT
Identificador do ponto conectado: 84
Velocidade de transmissao: 10 Gbps

Identificador do ponto 78
Pais de localizacao Italy
Identificador do ponto conectado: 87
Velocidade de transmissao: 1 Gbps

Identificador do ponto 78
Nome do ponto: Milan
Pais de localizacao Italy
Sigla do pais: IT
Identificador do ponto conectado: 94
Velocidade de transmissao: 10 Gbps

Identificador do ponto 78
Nome do ponto: Milan
Pais de localizacao Italy
Sigla do pais: IT
Identificador do ponto conectado: 98
Velocidade de transmissao: 5 Gbps

Numero de paginas de disco: 11

